2022-04-01 02:17:10.041  INFO [post-service,,] 6448 --- [main] c.m.p.PostServiceApplicationTests        : Starting PostServiceApplicationTests using Java 11.0.13 on MAVCHN1121119 with PID 6448 (started by deepaksi in D:\Maveric\post-service)
2022-04-01 02:17:10.041  INFO [post-service,,] 6448 --- [main] c.m.p.PostServiceApplicationTests        : No active profile set, falling back to 1 default profile: "default"
2022-04-01 02:17:10.835  INFO [post-service,,] 6448 --- [main] .s.d.r.c.RepositoryConfigurationDelegate : Bootstrapping Spring Data MongoDB repositories in DEFAULT mode.
2022-04-01 02:17:10.963  INFO [post-service,,] 6448 --- [main] .s.d.r.c.RepositoryConfigurationDelegate : Finished Spring Data repository scanning in 118 ms. Found 1 MongoDB repository interfaces.
2022-04-01 02:17:11.232  INFO [post-service,,] 6448 --- [main] o.s.cloud.context.scope.GenericScope     : BeanFactory id=38810626-a4ba-3507-b81e-b5db8c038069
2022-04-01 02:17:12.565  WARN [post-service,,] 6448 --- [main] o.s.c.s.a.z.ZipkinAutoConfiguration      : Check result of the [RestTemplateSender{http://localhost:9411/api/v2/spans}] contains an error [CheckResult{ok=false, error=org.springframework.web.client.HttpClientErrorException$BadRequest: 400 Bad Request: "Empty JSON_V2 message"}]
2022-04-01 02:17:13.435  INFO [post-service,,] 6448 --- [main] org.mongodb.driver.cluster               : Cluster created with settings {hosts=[host.docker.internal:27017], mode=SINGLE, requiredClusterType=UNKNOWN, serverSelectionTimeout='30000 ms'}
2022-04-01 02:17:13.516  INFO [post-service,,] 6448 --- [cluster-ClusterId{value='62461351a486b332d2b41940', description='null'}-host.docker.internal:27017] org.mongodb.driver.connection            : Opened connection [connectionId{localValue:2, serverValue:37}] to host.docker.internal:27017
2022-04-01 02:17:13.516  INFO [post-service,,] 6448 --- [cluster-rtt-ClusterId{value='62461351a486b332d2b41940', description='null'}-host.docker.internal:27017] org.mongodb.driver.connection            : Opened connection [connectionId{localValue:1, serverValue:38}] to host.docker.internal:27017
2022-04-01 02:17:13.516  INFO [post-service,,] 6448 --- [cluster-ClusterId{value='62461351a486b332d2b41940', description='null'}-host.docker.internal:27017] org.mongodb.driver.cluster               : Monitor thread successfully connected to server with description ServerDescription{address=host.docker.internal:27017, type=STANDALONE, state=CONNECTED, ok=true, minWireVersion=0, maxWireVersion=13, maxDocumentSize=16777216, logicalSessionTimeoutMinutes=30, roundTripTimeNanos=29600600}
2022-04-01 02:17:13.584  WARN [post-service,,] 6448 --- [main] o.s.data.convert.CustomConversions       : Registering converter from class java.time.LocalDateTime to class org.joda.time.LocalDateTime as reading converter although it doesn't convert from a store-supported type! You might want to check your annotation setup at the converter implementation.
2022-04-01 02:17:13.735  WARN [post-service,,] 6448 --- [main] o.s.data.convert.CustomConversions       : Registering converter from class java.time.LocalDateTime to class org.joda.time.LocalDateTime as reading converter although it doesn't convert from a store-supported type! You might want to check your annotation setup at the converter implementation.
2022-04-01 02:17:14.220  INFO [post-service,,] 6448 --- [main] o.s.c.openfeign.FeignClientFactoryBean   : For 'comment-service' URL not provided. Will try picking an instance via load-balancing.
2022-04-01 02:17:14.282  INFO [post-service,,] 6448 --- [main] o.s.c.openfeign.FeignClientFactoryBean   : For 'like-service' URL not provided. Will try picking an instance via load-balancing.
2022-04-01 02:17:14.304  INFO [post-service,,] 6448 --- [main] o.s.c.openfeign.FeignClientFactoryBean   : For 'user-service' URL not provided. Will try picking an instance via load-balancing.
2022-04-01 02:17:16.607  INFO [post-service,,] 6448 --- [main] DiscoveryClientOptionalArgsConfiguration : Eureka HTTP Client uses RestTemplate.
2022-04-01 02:17:17.313  WARN [post-service,,] 6448 --- [main] iguration$LoadBalancerCaffeineWarnLogger : Spring Cloud LoadBalancer is currently working with the default cache. While this cache implementation is useful for development and tests, it's recommended to use Caffeine cache in production.You can switch to using Caffeine cache, by adding it and org.springframework.cache.caffeine.CaffeineCacheManager to the classpath.
2022-04-01 02:17:17.446  INFO [post-service,,] 6448 --- [main] o.s.c.n.eureka.InstanceInfoFactory       : Setting initial instance status as: STARTING
2022-04-01 02:17:17.577  INFO [post-service,,] 6448 --- [main] com.netflix.discovery.DiscoveryClient    : Initializing Eureka in region us-east-1
2022-04-01 02:17:17.577  INFO [post-service,,] 6448 --- [main] c.n.d.s.r.aws.ConfigClusterResolver      : Resolving eureka endpoints via configuration
2022-04-01 02:17:17.608  INFO [post-service,,] 6448 --- [main] com.netflix.discovery.DiscoveryClient    : Disable delta property : false
2022-04-01 02:17:17.608  INFO [post-service,,] 6448 --- [main] com.netflix.discovery.DiscoveryClient    : Single vip registry refresh property : null
2022-04-01 02:17:17.608  INFO [post-service,,] 6448 --- [main] com.netflix.discovery.DiscoveryClient    : Force full registry fetch : false
2022-04-01 02:17:17.608  INFO [post-service,,] 6448 --- [main] com.netflix.discovery.DiscoveryClient    : Application is null : false
2022-04-01 02:17:17.608  INFO [post-service,,] 6448 --- [main] com.netflix.discovery.DiscoveryClient    : Registered Applications size is zero : true
2022-04-01 02:17:17.608  INFO [post-service,,] 6448 --- [main] com.netflix.discovery.DiscoveryClient    : Application version is -1: true
2022-04-01 02:17:17.608  INFO [post-service,,] 6448 --- [main] com.netflix.discovery.DiscoveryClient    : Getting all instance registry info from the eureka server
2022-04-01 02:17:17.991  INFO [post-service,,] 6448 --- [main] com.netflix.discovery.DiscoveryClient    : The response status is 200
2022-04-01 02:17:17.991  INFO [post-service,,] 6448 --- [main] com.netflix.discovery.DiscoveryClient    : Starting heartbeat executor: renew interval is: 30
2022-04-01 02:17:17.991  INFO [post-service,,] 6448 --- [main] c.n.discovery.InstanceInfoReplicator     : InstanceInfoReplicator onDemand update allowed rate per min is 4
2022-04-01 02:17:17.991  INFO [post-service,,] 6448 --- [main] com.netflix.discovery.DiscoveryClient    : Discovery Client initialized at timestamp 1648759637991 with initial instances count: 5
2022-04-01 02:17:18.007  INFO [post-service,,] 6448 --- [main] o.s.c.n.e.s.EurekaServiceRegistry        : Registering application POST-SERVICE with eureka with status UP
2022-04-01 02:17:18.007  INFO [post-service,,] 6448 --- [main] com.netflix.discovery.DiscoveryClient    : Saw local status change event StatusChangeEvent [timestamp=1648759638007, current=UP, previous=STARTING]
2022-04-01 02:17:18.007  INFO [post-service,,] 6448 --- [DiscoveryClient-InstanceInfoReplicator-0] com.netflix.discovery.DiscoveryClient    : DiscoveryClient_POST-SERVICE/host.docker.internal:post-service:3010: registering service...
2022-04-01 02:17:18.031  INFO [post-service,,] 6448 --- [main] c.m.p.PostServiceApplicationTests        : Started PostServiceApplicationTests in 8.811 seconds (JVM running for 9.743)
2022-04-01 02:17:18.073  INFO [post-service,,] 6448 --- [DiscoveryClient-InstanceInfoReplicator-0] com.netflix.discovery.DiscoveryClient    : DiscoveryClient_POST-SERVICE/host.docker.internal:post-service:3010 - registration status: 204
2022-04-01 02:17:18.425  INFO [post-service,,] 6448 --- [Thread-3] o.s.c.s.a.z.ZipkinAutoConfiguration      : Flushing remaining spans on shutdown
2022-04-01 02:17:18.446  INFO [post-service,,] 6448 --- [SpringApplicationShutdownHook] o.s.c.n.e.s.EurekaServiceRegistry        : Unregistering application POST-SERVICE with eureka with status DOWN
2022-04-01 02:17:18.446  INFO [post-service,,] 6448 --- [SpringApplicationShutdownHook] com.netflix.discovery.DiscoveryClient    : Saw local status change event StatusChangeEvent [timestamp=1648759638446, current=DOWN, previous=UP]
2022-04-01 02:17:18.446  INFO [post-service,,] 6448 --- [DiscoveryClient-InstanceInfoReplicator-0] com.netflix.discovery.DiscoveryClient    : DiscoveryClient_POST-SERVICE/host.docker.internal:post-service:3010: registering service...
2022-04-01 02:17:18.463  INFO [post-service,,] 6448 --- [DiscoveryClient-InstanceInfoReplicator-0] com.netflix.discovery.DiscoveryClient    : DiscoveryClient_POST-SERVICE/host.docker.internal:post-service:3010 - registration status: 204
2022-04-01 02:17:19.478  INFO [post-service,,] 6448 --- [SpringApplicationShutdownHook] com.netflix.discovery.DiscoveryClient    : Shutting down DiscoveryClient ...
2022-04-01 02:17:22.487  INFO [post-service,,] 6448 --- [SpringApplicationShutdownHook] com.netflix.discovery.DiscoveryClient    : Unregistering ...
2022-04-01 02:17:22.508  INFO [post-service,,] 6448 --- [SpringApplicationShutdownHook] com.netflix.discovery.DiscoveryClient    : DiscoveryClient_POST-SERVICE/host.docker.internal:post-service:3010 - deregister  status: 200
2022-04-01 02:17:22.513  INFO [post-service,,] 6448 --- [SpringApplicationShutdownHook] com.netflix.discovery.DiscoveryClient    : Completed shut down of DiscoveryClient
